Unity Editor version:    2020.3.23f1 (c5d91304a876)
Branch:                  2020.3/staging
Build type:              Release
Batch mode:              YES
macOS version:           Version 10.15.7 (Build 19H15)
Darwin version:          19.6.0
Architecture:            x86_64
Running under Rosetta:   NO
Available memory:        16384 MB
Using pre-set license
Pro License: NO

COMMAND LINE ARGUMENTS:
/Applications/Unity/Hub/Editor/2020.3.23f1/Unity.app/Contents/MacOS/Unity
-adb2
-batchMode
-noUpm
-name
AssetImportWorker0
-projectPath
/Users/aaronwee/Desktop/unity/cyber-raid/Cyber Raid
-logFile
Logs/AssetImportWorker0.log
-srvPort
49173
Successfully changed project path to: /Users/aaronwee/Desktop/unity/cyber-raid/Cyber Raid
/Users/aaronwee/Desktop/unity/cyber-raid/Cyber Raid
Using Asset Import Pipeline V2.
Refreshing native plugins compatible for Editor in 76.08 ms, found 2 plugins.
Preloading 0 native plugins for Editor in 0.00 ms.
Initialize engine version: 2020.3.23f1 (c5d91304a876)
[Subsystems] Discovering subsystems at path /Applications/Unity/Hub/Editor/2020.3.23f1/Unity.app/Contents/Resources/UnitySubsystems
[Subsystems] Discovering subsystems at path /Users/aaronwee/Desktop/unity/cyber-raid/Cyber Raid/Assets
GfxDevice: creating device client; threaded=0
2022-11-05 08:08:00.462 Unity[1313:26083] Color LCD preferred device: Intel(R) Iris(TM) Plus Graphics (low power)
2022-11-05 08:08:00.462 Unity[1313:26083] Metal devices available: 1
2022-11-05 08:08:00.462 Unity[1313:26083] 0: Intel(R) Iris(TM) Plus Graphics (low power)
2022-11-05 08:08:00.462 Unity[1313:26083] Using device Intel(R) Iris(TM) Plus Graphics (low power)
Initializing Metal device caps: Intel(R) Iris(TM) Plus Graphics
Initialize mono
Mono path[0] = '/Applications/Unity/Hub/Editor/2020.3.23f1/Unity.app/Contents/Managed'
Mono path[1] = '/Applications/Unity/Hub/Editor/2020.3.23f1/Unity.app/Contents/MonoBleedingEdge/lib/mono/unityjit'
Mono config path = '/Applications/Unity/Hub/Editor/2020.3.23f1/Unity.app/Contents/MonoBleedingEdge/etc'
Using monoOptions --debugger-agent=transport=dt_socket,embedding=1,server=y,suspend=n,address=127.0.0.1:56313
Begin MonoManager ReloadAssembly
Registering precompiled unity dll's ...
Register platform support module: /Applications/Unity/Hub/Editor/2020.3.23f1/Unity.app/Contents/PlaybackEngines/MacStandaloneSupport/UnityEditor.OSXStandalone.Extensions.dll
Registered in 0.000675 seconds.
Native extension for OSXStandalone target not found
Refreshing native plugins compatible for Editor in 78.54 ms, found 2 plugins.
Preloading 0 native plugins for Editor in 0.00 ms.
Mono: successfully reloaded assembly
- Completed reload, in  0.854 seconds
Domain Reload Profiling:
	ReloadAssembly (854ms)
		BeginReloadAssembly (56ms)
			ExecutionOrderSort (0ms)
			DisableScriptedObjects (0ms)
			BackupInstance (0ms)
			ReleaseScriptingObjects (0ms)
			CreateAndSetChildDomain (1ms)
		EndReloadAssembly (700ms)
			LoadAssemblies (55ms)
			RebuildTransferFunctionScriptingTraits (0ms)
			SetupTypeCache (230ms)
			ReleaseScriptCaches (0ms)
			RebuildScriptCaches (62ms)
			SetupLoadedEditorAssemblies (278ms)
				LogAssemblyErrors (0ms)
				InitializePlatformSupportModulesInManaged (6ms)
				SetLoadedEditorAssemblies (1ms)
				RefreshPlugins (79ms)
				BeforeProcessingInitializeOnLoad (17ms)
				ProcessInitializeOnLoadAttributes (133ms)
				ProcessInitializeOnLoadMethodAttributes (42ms)
				AfterProcessingInitializeOnLoad (0ms)
				EditorAssembliesLoaded (0ms)
			ExecutionOrderSort2 (0ms)
			AwakeInstancesAfterBackupRestoration (0ms)
Platform modules already initialized, skipping
Registering precompiled user dll's ...
Registered in 0.012278 seconds.
Begin MonoManager ReloadAssembly
Native extension for OSXStandalone target not found
Refreshing native plugins compatible for Editor in 72.65 ms, found 2 plugins.
Preloading 0 native plugins for Editor in 0.00 ms.
Mono: successfully reloaded assembly
- Completed reload, in  1.612 seconds
Domain Reload Profiling:
	ReloadAssembly (1614ms)
		BeginReloadAssembly (191ms)
			ExecutionOrderSort (0ms)
			DisableScriptedObjects (7ms)
			BackupInstance (0ms)
			ReleaseScriptingObjects (0ms)
			CreateAndSetChildDomain (39ms)
		EndReloadAssembly (1345ms)
			LoadAssemblies (92ms)
			RebuildTransferFunctionScriptingTraits (0ms)
			SetupTypeCache (515ms)
			ReleaseScriptCaches (1ms)
			RebuildScriptCaches (90ms)
			SetupLoadedEditorAssemblies (486ms)
				LogAssemblyErrors (0ms)
				InitializePlatformSupportModulesInManaged (5ms)
				SetLoadedEditorAssemblies (0ms)
				RefreshPlugins (73ms)
				BeforeProcessingInitializeOnLoad (98ms)
				ProcessInitializeOnLoadAttributes (298ms)
				ProcessInitializeOnLoadMethodAttributes (11ms)
				AfterProcessingInitializeOnLoad (1ms)
				EditorAssembliesLoaded (0ms)
			ExecutionOrderSort2 (0ms)
			AwakeInstancesAfterBackupRestoration (9ms)
Platform modules already initialized, skipping
Validating Project structure ... 0.006572 seconds.
Shader import version has changed; will reimport all shaders...
Upgrading shader files ...0.030026 seconds.
Application.AssetDatabase Initial Script Refresh Start
RefreshInfo: InitialScriptRefreshV2(NoUpdateAssetOptions) scanfilter:  ... 1 filters
RefreshProfiler: Total: 0.000ms
Application.AssetDatabase Initial Script Refresh End
Application.AssetDatabase.Refresh Start
Application.AssetDatabase.Refresh End
RefreshInfo: StopAssetImportingV2(ForceSynchronousImport) scanfilter: 
RefreshProfiler: Total: 0.000ms
Launching external process: /Applications/Unity/Hub/Editor/2020.3.23f1/Unity.app/Contents/Tools/UnityShaderCompiler
Launched and connected shader compiler UnityShaderCompiler after 0.02 seconds
Initializing Unity extensions:
========================================================================
Worker process is ready to serve import requests
Refreshing native plugins compatible for Editor in 0.66 ms, found 2 plugins.
Preloading 0 native plugins for Editor in 0.00 ms.
Unloading 3254 Unused Serialized files (Serialized files now loaded: 0)
System memory in use before: 295.5 MB.
System memory in use after: 294.1 MB.

Unloading 231 unused Assets to reduce memory usage. Loaded Objects now: 3786.
Total: 4.336615 ms (FindLiveObjects: 0.442169 ms CreateObjectMapping: 0.167162 ms MarkObjects: 3.113894 ms  DeleteObjects: 0.611659 ms)

AssetImportParameters requested are different than current active one (requested -> active):
  custom:video-decoder-ogg-theora: a1e56fd34408186e4bbccfd4996cb3dc -> 
  custom:container-muxer-webm: aa71ff27fc2769a1b78a27578f13a17b -> 
  custom:container-demuxer-webm: 4f35f7cbe854078d1ac9338744f61a02 -> 
  custom:container-demuxer-ogg: 62fdf1f143b41e24485cea50d1cbac27 -> 
  custom:video-encoder-webm-vp8: eb34c28f22e8b96e1ab97ce403110664 -> 
  custom:framework-osx-AVFoundation: b23960f63f64bdc6ff669e2cdcee2391 -> 
  custom:video-decoder-webm-vp8: 9c59270c3fd7afecdb556c50c9e8de78 -> 
  custom:audio-decoder-ogg-vorbis: bf7c407c2cedff20999df2af8eb42d56 -> 
  custom:audio-encoder-webm-vorbis: bf7c407c2cedff20999df2af8eb42d56 -> 
========================================================================
Received Import Request.
  path: Assets/Materials/binary.png
  artifactKey: Guid(8eb6663e1989a4a1289cc9067d103e4b) Importer(815301076,1909f56bfc062723c751e8b465ee728b)
Start importing Assets/Materials/binary.png using Guid(8eb6663e1989a4a1289cc9067d103e4b) Importer(815301076,1909f56bfc062723c751e8b465ee728b)  -> (artifact id: 'ecf6b18f4a5564258eadbf7aeb925e50') in 0.660547 seconds 
  Import took 0.677387 seconds .

========================================================================
Received Import Request.
  Time since last request: 15.549425 seconds.
  path: Assets/Materials/binary.mat
  artifactKey: Guid(20c4e7de5f4eb464d923772a93e2ea5f) Importer(815301076,1909f56bfc062723c751e8b465ee728b)
Start importing Assets/Materials/binary.mat using Guid(20c4e7de5f4eb464d923772a93e2ea5f) Importer(815301076,1909f56bfc062723c751e8b465ee728b)  -> (artifact id: '05460b9b82a6a4f80e6f60ea29678fb6') in 0.874113 seconds 
  Import took 0.888349 seconds .

========================================================================
Received Import Request.
  Time since last request: 16.980821 seconds.
  path: Assets/Materials/binary.png
  artifactKey: Guid(8eb6663e1989a4a1289cc9067d103e4b) Importer(815301076,1909f56bfc062723c751e8b465ee728b)
Start importing Assets/Materials/binary.png using Guid(8eb6663e1989a4a1289cc9067d103e4b) Importer(815301076,1909f56bfc062723c751e8b465ee728b)  -> (artifact id: '39631bec145526b4c356ea76d64e8280') in 0.055458 seconds 
  Import took 0.064185 seconds .

========================================================================
Received Prepare
Registering precompiled user dll's ...
Registered in 0.003631 seconds.
Begin MonoManager ReloadAssembly
Native extension for OSXStandalone target not found
Refreshing native plugins compatible for Editor in 0.80 ms, found 2 plugins.
Preloading 0 native plugins for Editor in 0.00 ms.
Mono: successfully reloaded assembly
- Completed reload, in  2.184 seconds
Domain Reload Profiling:
	ReloadAssembly (2185ms)
		BeginReloadAssembly (299ms)
			ExecutionOrderSort (0ms)
			DisableScriptedObjects (14ms)
			BackupInstance (0ms)
			ReleaseScriptingObjects (0ms)
			CreateAndSetChildDomain (163ms)
		EndReloadAssembly (1775ms)
			LoadAssemblies (137ms)
			RebuildTransferFunctionScriptingTraits (0ms)
			SetupTypeCache (598ms)
			ReleaseScriptCaches (2ms)
			RebuildScriptCaches (91ms)
			SetupLoadedEditorAssemblies (624ms)
				LogAssemblyErrors (0ms)
				InitializePlatformSupportModulesInManaged (4ms)
				SetLoadedEditorAssemblies (1ms)
				RefreshPlugins (1ms)
				BeforeProcessingInitializeOnLoad (187ms)
				ProcessInitializeOnLoadAttributes (413ms)
				ProcessInitializeOnLoadMethodAttributes (15ms)
				AfterProcessingInitializeOnLoad (2ms)
				EditorAssembliesLoaded (1ms)
			ExecutionOrderSort2 (0ms)
			AwakeInstancesAfterBackupRestoration (31ms)
Platform modules already initialized, skipping
Refreshing native plugins compatible for Editor in 0.97 ms, found 2 plugins.
Preloading 0 native plugins for Editor in 0.00 ms.
Unloading 3080 Unused Serialized files (Serialized files now loaded: 0)
System memory in use before: 292.3 MB.
System memory in use after: 292.6 MB.

Unloading 27 unused Assets to reduce memory usage. Loaded Objects now: 3880.
Total: 4.764502 ms (FindLiveObjects: 0.611936 ms CreateObjectMapping: 0.272054 ms MarkObjects: 3.853079 ms  DeleteObjects: 0.026210 ms)

AssetImportParameters requested are different than current active one (requested -> active):
  custom:video-decoder-ogg-theora: a1e56fd34408186e4bbccfd4996cb3dc -> 
  custom:container-muxer-webm: aa71ff27fc2769a1b78a27578f13a17b -> 
  custom:container-demuxer-webm: 4f35f7cbe854078d1ac9338744f61a02 -> 
  custom:container-demuxer-ogg: 62fdf1f143b41e24485cea50d1cbac27 -> 
  custom:video-encoder-webm-vp8: eb34c28f22e8b96e1ab97ce403110664 -> 
  custom:framework-osx-AVFoundation: b23960f63f64bdc6ff669e2cdcee2391 -> 
  custom:video-decoder-webm-vp8: 9c59270c3fd7afecdb556c50c9e8de78 -> 
  custom:audio-decoder-ogg-vorbis: bf7c407c2cedff20999df2af8eb42d56 -> 
  custom:audio-encoder-webm-vorbis: bf7c407c2cedff20999df2af8eb42d56 -> 
========================================================================
Received Import Request.
  Time since last request: 706.240066 seconds.
  path: Assets/BOXOPHOBIC
  artifactKey: Guid(f465bef941d164b1387d9052f6e65504) Importer(815301076,1909f56bfc062723c751e8b465ee728b)
Start importing Assets/BOXOPHOBIC using Guid(f465bef941d164b1387d9052f6e65504) Importer(815301076,1909f56bfc062723c751e8b465ee728b)  -> (artifact id: '5815c78847ff0043cd69eeba5c1231c9') in 0.006773 seconds 
  Import took 0.018908 seconds .

========================================================================
Received Import Request.
  Time since last request: 1.286357 seconds.
  path: Assets/BOXOPHOBIC/Skybox Cubemap Extended
  artifactKey: Guid(06fe4632bd09e57468b68c174e122233) Importer(815301076,1909f56bfc062723c751e8b465ee728b)
Start importing Assets/BOXOPHOBIC/Skybox Cubemap Extended using Guid(06fe4632bd09e57468b68c174e122233) Importer(815301076,1909f56bfc062723c751e8b465ee728b)  -> (artifact id: '3457226c225e57def5945b7a5bb0ef3c') in 0.002576 seconds 
  Import took 0.015026 seconds .

========================================================================
Received Import Request.
  Time since last request: 1.192057 seconds.
  path: Assets/BOXOPHOBIC/Skybox Cubemap Extended/Core
  artifactKey: Guid(18556335e32be764885bcf0a6824be6d) Importer(815301076,1909f56bfc062723c751e8b465ee728b)
Start importing Assets/BOXOPHOBIC/Skybox Cubemap Extended/Core using Guid(18556335e32be764885bcf0a6824be6d) Importer(815301076,1909f56bfc062723c751e8b465ee728b)  -> (artifact id: '52df77cc272cbf1429b3b51194a59d67') in 0.004442 seconds 
  Import took 0.015985 seconds .

========================================================================
Received Import Request.
  Time since last request: 9.758918 seconds.
  path: Assets/Fonts
  artifactKey: Guid(305fcd824e933465cae9417227accf70) Importer(815301076,1909f56bfc062723c751e8b465ee728b)
Start importing Assets/Fonts using Guid(305fcd824e933465cae9417227accf70) Importer(815301076,1909f56bfc062723c751e8b465ee728b)  -> (artifact id: '0fa8e48578c6dbb432bf6a938727d9fb') in 0.002514 seconds 
  Import took 0.016898 seconds .

========================================================================
Received Import Request.
  Time since last request: 23.019359 seconds.
  path: Packages/com.unity.searcher/Editor/Resources/FlatSkin/Font/Roboto-Italic.ttf
  artifactKey: Guid(c839255fc8f6b4b4d90bf8c1af9f9bd1) Importer(815301076,1909f56bfc062723c751e8b465ee728b)
Start importing Packages/com.unity.searcher/Editor/Resources/FlatSkin/Font/Roboto-Italic.ttf using Guid(c839255fc8f6b4b4d90bf8c1af9f9bd1) Importer(815301076,1909f56bfc062723c751e8b465ee728b)  -> (artifact id: 'da041bb44102c5dc86348260fc2fc663') in 0.687951 seconds 
  Import took 0.699057 seconds .

========================================================================
Received Import Request.
  Time since last request: 0.000687 seconds.
  path: Packages/com.unity.searcher/Editor/Resources/FlatSkin/Font/Roboto-Thin.ttf
  artifactKey: Guid(19a9abb883540be48b75b951a927ae03) Importer(815301076,1909f56bfc062723c751e8b465ee728b)
Start importing Packages/com.unity.searcher/Editor/Resources/FlatSkin/Font/Roboto-Thin.ttf using Guid(19a9abb883540be48b75b951a927ae03) Importer(815301076,1909f56bfc062723c751e8b465ee728b)  -> (artifact id: '30f3224b933b36d3503df1218c81a50e') in 0.020752 seconds 
  Import took 0.035209 seconds .

========================================================================
Received Import Request.
  Time since last request: 0.000306 seconds.
  path: Packages/com.unity.searcher/Editor/Resources/FlatSkin/Font/Roboto-MediumItalic.ttf
  artifactKey: Guid(d93c1bc57fdf1ac4dad1bf04fac05464) Importer(815301076,1909f56bfc062723c751e8b465ee728b)
Start importing Packages/com.unity.searcher/Editor/Resources/FlatSkin/Font/Roboto-MediumItalic.ttf using Guid(d93c1bc57fdf1ac4dad1bf04fac05464) Importer(815301076,1909f56bfc062723c751e8b465ee728b)  -> (artifact id: '3e47f6ce70a4271ab96f2df4329431d4') in 0.034037 seconds 
  Import took 0.045850 seconds .

========================================================================
Received Import Request.
  Time since last request: 0.000803 seconds.
  path: Packages/com.unity.searcher/Editor/Resources/FlatSkin/Font/Roboto-ThinItalic.ttf
  artifactKey: Guid(b2ea3b3f1765e544b9eb5bd1a93a91ce) Importer(815301076,1909f56bfc062723c751e8b465ee728b)
Start importing Packages/com.unity.searcher/Editor/Resources/FlatSkin/Font/Roboto-ThinItalic.ttf using Guid(b2ea3b3f1765e544b9eb5bd1a93a91ce) Importer(815301076,1909f56bfc062723c751e8b465ee728b)  -> (artifact id: '9677d77350d906aae131890f08393b7c') in 0.030457 seconds 
  Import took 0.037725 seconds .

========================================================================
Received Import Request.
  Time since last request: 0.000456 seconds.
  path: Packages/com.unity.searcher/Editor/Resources/FlatSkin/Font/Roboto-Regular.ttf
  artifactKey: Guid(30dc370b164eefc43b95744fc796dad0) Importer(815301076,1909f56bfc062723c751e8b465ee728b)
Start importing Packages/com.unity.searcher/Editor/Resources/FlatSkin/Font/Roboto-Regular.ttf using Guid(30dc370b164eefc43b95744fc796dad0) Importer(815301076,1909f56bfc062723c751e8b465ee728b)  -> (artifact id: '9c34e94b1a2909e1c9094bf4b61fdd9b') in 0.034757 seconds 
  Import took 0.045467 seconds .

========================================================================
Received Import Request.
  Time since last request: 0.000305 seconds.
  path: Packages/com.unity.searcher/Editor/Resources/FlatSkin/Font/Roboto-Medium.ttf
  artifactKey: Guid(a51a3aebb43ac044989270407476b208) Importer(815301076,1909f56bfc062723c751e8b465ee728b)
Start importing Packages/com.unity.searcher/Editor/Resources/FlatSkin/Font/Roboto-Medium.ttf using Guid(a51a3aebb43ac044989270407476b208) Importer(815301076,1909f56bfc062723c751e8b465ee728b)  -> (artifact id: '97f0c7d68647b3b7ea4808a44617e4d5') in 0.028238 seconds 
  Import took 0.034774 seconds .

========================================================================
Received Import Request.
  Time since last request: 0.000400 seconds.
  path: Packages/com.unity.searcher/Editor/Resources/FlatSkin/Font/Roboto-LightItalic.ttf
  artifactKey: Guid(5e63515167650a541b309ba3bfd4db3d) Importer(815301076,1909f56bfc062723c751e8b465ee728b)
Start importing Packages/com.unity.searcher/Editor/Resources/FlatSkin/Font/Roboto-LightItalic.ttf using Guid(5e63515167650a541b309ba3bfd4db3d) Importer(815301076,1909f56bfc062723c751e8b465ee728b)  -> (artifact id: '4a0fb0c5e4ee731848c940d27914c40d') in 0.019357 seconds 
  Import took 0.031527 seconds .

========================================================================
Received Import Request.
  Time since last request: 134.164747 seconds.
  path: Assets/Fonts/Menlo.ttc
  artifactKey: Guid(ebb5f5577e6154950b6c5f82f19a006b) Importer(815301076,1909f56bfc062723c751e8b465ee728b)
Start importing Assets/Fonts/Menlo.ttc using Guid(ebb5f5577e6154950b6c5f82f19a006b) Importer(815301076,1909f56bfc062723c751e8b465ee728b)  -> (artifact id: 'b74e0f94d4e77d934304b098d2514bb3') in 0.429303 seconds 
  Import took 0.438823 seconds .

========================================================================
Received Import Request.
  Time since last request: 28.805595 seconds.
  path: Assets/Materials/binary.mat
  artifactKey: Guid(20c4e7de5f4eb464d923772a93e2ea5f) Importer(815301076,1909f56bfc062723c751e8b465ee728b)
Start importing Assets/Materials/binary.mat using Guid(20c4e7de5f4eb464d923772a93e2ea5f) Importer(815301076,1909f56bfc062723c751e8b465ee728b)  -> (artifact id: 'b91ecd6136c669534db40462a972c953') in 0.028683 seconds 
  Import took 0.041042 seconds .

========================================================================
Received Import Request.
  Time since last request: 11.846044 seconds.
  path: Assets/Fonts/Menlo SDF.asset
  artifactKey: Guid(e4f009b3c019a4881bbbf8b5fdfbf135) Importer(815301076,1909f56bfc062723c751e8b465ee728b)
Start importing Assets/Fonts/Menlo SDF.asset using Guid(e4f009b3c019a4881bbbf8b5fdfbf135) Importer(815301076,1909f56bfc062723c751e8b465ee728b)  -> (artifact id: 'b300de737d147b9ea63641810d02d506') in 0.248341 seconds 
  Import took 0.260211 seconds .

